<?xml version="1.0" encoding="UTF-8"?>
<!-- Generated by org.testng.reporters.JUnitXMLReporter -->
<testsuite ignored="0" hostname="LAPTOP-2EA63E6G" failures="0" tests="5" name="Default test" time="60.031" errors="0" timestamp="2022-08-04T09:02:30 IST">
  <testcase classname="PageOnWeb.PomQuestion1" name="launchBrowser" time="18.473"/>
  <testcase classname="PageOnWeb.PomQuestion1" name="navigate" time="36.353"/>
  <testcase classname="PageOnWeb.PomQuestion1" name="login" time="4.657"/>
  <testcase classname="PageOnWeb.PomQuestion1" name="minimizeFlyOutWindow" time="0.121"/>
  <testcase classname="PageOnWeb.PomQuestion1" name="logout" time="0.204"/>
</testsuite> <!-- Default test -->
