<?xml version="1.0" encoding="UTF-8"?>
<testng-results skipped="0" failed="0" ignored="0" total="1" passed="1">
  <reporter-output>
  </reporter-output>
  <suite name="BDD Cucumber" duration-ms="27703" started-at="2022-08-11T09:59:59 IST" finished-at="2022-08-11T10:00:27 IST">
    <groups>
    </groups>
    <test name="Scenarios" duration-ms="27703" started-at="2022-08-11T09:59:59 IST" finished-at="2022-08-11T10:00:27 IST">
      <class name="com.sgtesting.actitime.testsuite.DriverScript">
        <test-method status="PASS" signature="setUpClass()[pri:0, instance:com.sgtesting.actitime.testsuite.DriverScript@44c8afef]" name="setUpClass" is-config="true" duration-ms="180" started-at="2022-08-11T09:59:59 IST" finished-at="2022-08-11T09:59:59 IST">
          <reporter-output>
          </reporter-output>
        </test-method> <!-- setUpClass -->
        <test-method status="PASS" signature="feature(cucumber.api.testng.CucumberFeatureWrapper)[pri:0, instance:com.sgtesting.actitime.testsuite.DriverScript@44c8afef]" name="feature" duration-ms="27423" started-at="2022-08-11T09:59:59 IST" data-provider="features" finished-at="2022-08-11T10:00:27 IST">
          <params>
            <param index="0">
              <value>
                <![CDATA[Login and Logout Functionality]]>
              </value>
            </param>
          </params>
          <reporter-output>
          </reporter-output>
        </test-method> <!-- feature -->
        <test-method status="PASS" signature="tearDownClass()[pri:0, instance:com.sgtesting.actitime.testsuite.DriverScript@44c8afef]" name="tearDownClass" is-config="true" duration-ms="6" started-at="2022-08-11T10:00:27 IST" finished-at="2022-08-11T10:00:27 IST">
          <reporter-output>
          </reporter-output>
        </test-method> <!-- tearDownClass -->
      </class> <!-- com.sgtesting.actitime.testsuite.DriverScript -->
    </test> <!-- Scenarios -->
  </suite> <!-- BDD Cucumber -->
</testng-results>
