<?xml version="1.0" encoding="UTF-8"?>
<testng-results ignored="0" total="5" passed="5" failed="0" skipped="0">
  <reporter-output>
  </reporter-output>
  <suite started-at="2022-08-04T09:01:29 IST" name="Default suite" finished-at="2022-08-04T09:02:30 IST" duration-ms="60031">
    <groups>
    </groups>
    <test started-at="2022-08-04T09:01:29 IST" name="Default test" finished-at="2022-08-04T09:02:30 IST" duration-ms="60031">
      <class name="PageOnWeb.PomQuestion1">
        <test-method signature="launchBrowser()[pri:1, instance:PageOnWeb.PomQuestion1@483f6d77]" started-at="2022-08-04T09:01:30 IST" name="launchBrowser" finished-at="2022-08-04T09:01:48 IST" duration-ms="18473" status="PASS">
          <reporter-output>
          </reporter-output>
        </test-method> <!-- launchBrowser -->
        <test-method signature="navigate()[pri:2, instance:PageOnWeb.PomQuestion1@483f6d77]" started-at="2022-08-04T09:01:48 IST" name="navigate" finished-at="2022-08-04T09:02:24 IST" duration-ms="36353" status="PASS">
          <reporter-output>
          </reporter-output>
        </test-method> <!-- navigate -->
        <test-method signature="login()[pri:3, instance:PageOnWeb.PomQuestion1@483f6d77]" started-at="2022-08-04T09:02:24 IST" name="login" finished-at="2022-08-04T09:02:29 IST" duration-ms="4657" status="PASS">
          <reporter-output>
          </reporter-output>
        </test-method> <!-- login -->
        <test-method signature="minimizeFlyOutWindow()[pri:4, instance:PageOnWeb.PomQuestion1@483f6d77]" started-at="2022-08-04T09:02:29 IST" name="minimizeFlyOutWindow" finished-at="2022-08-04T09:02:29 IST" duration-ms="121" status="PASS">
          <reporter-output>
          </reporter-output>
        </test-method> <!-- minimizeFlyOutWindow -->
        <test-method signature="logout()[pri:5, instance:PageOnWeb.PomQuestion1@483f6d77]" started-at="2022-08-04T09:02:29 IST" name="logout" finished-at="2022-08-04T09:02:29 IST" duration-ms="204" status="PASS">
          <reporter-output>
          </reporter-output>
        </test-method> <!-- logout -->
      </class> <!-- PageOnWeb.PomQuestion1 -->
    </test> <!-- Default test -->
  </suite> <!-- Default suite -->
</testng-results>
